11-27-18-20-14-26 [main] INFO  resources.BaseClass - Navigating to landing page
11-27-18-20-14-28 [main] INFO  resources.BaseClass - removing a subscription pop-up by clicking 'no thanks' button
11-27-18-20-14-28 [main] INFO  resources.BaseClass - Test case failed
11-27-18-20-21-29 [main] INFO  resources.BaseClass - removing a subscription pop-up by clicking 'no thanks' button
11-27-18-20-21-58 [main] ERROR resources.BaseClass - pop-up message was not displayed no such element: Unable to locate element: {"method":"xpath","selector":"//button[contains(text(),'NO THANKS')]"}
  (Session info: chrome=72.0.3610.2)
  (Driver info: chromedriver=2.42.591088 (7b2b2dca23cca0862f674758c9a3933e685c27d5),platform=Windows NT 10.0.17134 x86_64) (WARNING: The server did not provide any stacktrace information)
Command duration or timeout: 0 milliseconds
For documentation on this error, please visit: http://seleniumhq.org/exceptions/no_such_element.html
Build info: version: '3.14.0', revision: 'aacccce0', time: '2018-08-02T20:19:58.91Z'
System info: host: 'DESKTOP-R8M5NJD', ip: '192.168.101.35', os.name: 'Windows 10', os.arch: 'amd64', os.version: '10.0', java.version: '1.8.0_191'
Driver info: org.openqa.selenium.chrome.ChromeDriver
Capabilities {acceptInsecureCerts: false, acceptSslCerts: false, applicationCacheEnabled: false, browserConnectionEnabled: false, browserName: chrome, chrome: {chromedriverVersion: 2.42.591088 (7b2b2dca23cca0..., userDataDir: C:\Users\Pitoshka\AppData\L...}, cssSelectorsEnabled: true, databaseEnabled: false, goog:chromeOptions: {debuggerAddress: localhost:65153}, handlesAlerts: true, hasTouchScreen: false, javascriptEnabled: true, locationContextEnabled: true, mobileEmulationEnabled: false, nativeEvents: true, networkConnectionEnabled: false, pageLoadStrategy: normal, platform: XP, platformName: XP, rotatable: false, setWindowRect: true, takesHeapSnapshot: true, takesScreenshot: true, unexpectedAlertBehaviour: , unhandledPromptBehavior: , version: 72.0.3610.2, webStorageEnabled: true}
Session ID: 899d68d339b731ee92fccd46daaaa812
*** Element info: {Using=xpath, value=//button[contains(text(),'NO THANKS')]}
11-27-18-20-28-00 [main] INFO  resources.BaseClass - removing a subscription pop-up by clicking 'no thanks' button
11-27-18-20-28-35 [main] ERROR resources.BaseClass - pop-up message was not displayed no such element: Unable to locate element: {"method":"xpath","selector":"//button[contains(text(),'NO THANKS')]"}
  (Session info: chrome=72.0.3610.2)
  (Driver info: chromedriver=2.42.591088 (7b2b2dca23cca0862f674758c9a3933e685c27d5),platform=Windows NT 10.0.17134 x86_64) (WARNING: The server did not provide any stacktrace information)
Command duration or timeout: 0 milliseconds
For documentation on this error, please visit: http://seleniumhq.org/exceptions/no_such_element.html
Build info: version: '3.14.0', revision: 'aacccce0', time: '2018-08-02T20:19:58.91Z'
System info: host: 'DESKTOP-R8M5NJD', ip: '192.168.101.35', os.name: 'Windows 10', os.arch: 'amd64', os.version: '10.0', java.version: '1.8.0_191'
Driver info: org.openqa.selenium.chrome.ChromeDriver
Capabilities {acceptInsecureCerts: false, acceptSslCerts: false, applicationCacheEnabled: false, browserConnectionEnabled: false, browserName: chrome, chrome: {chromedriverVersion: 2.42.591088 (7b2b2dca23cca0..., userDataDir: C:\Users\Pitoshka\AppData\L...}, cssSelectorsEnabled: true, databaseEnabled: false, goog:chromeOptions: {debuggerAddress: localhost:49251}, handlesAlerts: true, hasTouchScreen: false, javascriptEnabled: true, locationContextEnabled: true, mobileEmulationEnabled: false, nativeEvents: true, networkConnectionEnabled: false, pageLoadStrategy: normal, platform: XP, platformName: XP, rotatable: false, setWindowRect: true, takesHeapSnapshot: true, takesScreenshot: true, unexpectedAlertBehaviour: , unhandledPromptBehavior: , version: 72.0.3610.2, webStorageEnabled: true}
Session ID: c92d77270cb3521caa1dd2adf836cbf8
*** Element info: {Using=xpath, value=//button[contains(text(),'NO THANKS')]}
11-27-18-20-29-03 [main] INFO  resources.BaseClass - removing a subscription pop-up by clicking 'no thanks' button
11-27-18-20-29-09 [main] INFO  resources.BaseClass - WebDriver is initialized
11-27-18-20-29-23 [main] INFO  resources.BaseClass - Navigating to landing page
11-27-18-20-29-23 [main] INFO  resources.BaseClass - removing a subscription pop-up by clicking 'no thanks' button
11-27-18-20-29-23 [main] INFO  resources.BaseClass - Test case failed
11-27-18-20-30-52 [main] INFO  resources.BaseClass - removing a subscription pop-up by clicking 'no thanks' button
11-27-18-20-31-21 [main] ERROR resources.BaseClass - pop-up message was not displayed no such element: Unable to locate element: {"method":"xpath","selector":"//button[contains(text(),'NO THANKS')]"}
  (Session info: chrome=72.0.3610.2)
  (Driver info: chromedriver=2.42.591088 (7b2b2dca23cca0862f674758c9a3933e685c27d5),platform=Windows NT 10.0.17134 x86_64) (WARNING: The server did not provide any stacktrace information)
Command duration or timeout: 0 milliseconds
For documentation on this error, please visit: http://seleniumhq.org/exceptions/no_such_element.html
Build info: version: '3.14.0', revision: 'aacccce0', time: '2018-08-02T20:19:58.91Z'
System info: host: 'DESKTOP-R8M5NJD', ip: '192.168.101.35', os.name: 'Windows 10', os.arch: 'amd64', os.version: '10.0', java.version: '1.8.0_191'
Driver info: org.openqa.selenium.chrome.ChromeDriver
Capabilities {acceptInsecureCerts: false, acceptSslCerts: false, applicationCacheEnabled: false, browserConnectionEnabled: false, browserName: chrome, chrome: {chromedriverVersion: 2.42.591088 (7b2b2dca23cca0..., userDataDir: C:\Users\Pitoshka\AppData\L...}, cssSelectorsEnabled: true, databaseEnabled: false, goog:chromeOptions: {debuggerAddress: localhost:49686}, handlesAlerts: true, hasTouchScreen: false, javascriptEnabled: true, locationContextEnabled: true, mobileEmulationEnabled: false, nativeEvents: true, networkConnectionEnabled: false, pageLoadStrategy: normal, platform: XP, platformName: XP, rotatable: false, setWindowRect: true, takesHeapSnapshot: true, takesScreenshot: true, unexpectedAlertBehaviour: , unhandledPromptBehavior: , version: 72.0.3610.2, webStorageEnabled: true}
Session ID: b77a4b74d2740fe2d415770ae28642f7
*** Element info: {Using=xpath, value=//button[contains(text(),'NO THANKS')]}
11-27-18-20-32-05 [main] INFO  resources.BaseClass - removing a subscription pop-up by clicking 'no thanks' button
11-27-18-20-32-13 [main] INFO  resources.BaseClass - WebDriver is initialized
11-27-18-20-32-25 [main] INFO  resources.BaseClass - Navigating to landing page
11-27-18-20-32-28 [main] INFO  resources.BaseClass - removing a subscription pop-up by clicking 'no thanks' button
11-27-18-20-32-28 [main] INFO  resources.BaseClass - Test case failed
12-18-18-18-23-09 [main] INFO  resources.BaseClass - removing a subscription pop-up by clicking 'no thanks' button
12-18-18-18-23-40 [main] ERROR resources.BaseClass - pop-up message was not displayed no such element: Unable to locate element: {"method":"xpath","selector":"//button[contains(text(),'NO THANKS')]"}
  (Session info: chrome=72.0.3626.14)
  (Driver info: chromedriver=2.42.591088 (7b2b2dca23cca0862f674758c9a3933e685c27d5),platform=Windows NT 10.0.17134 x86_64) (WARNING: The server did not provide any stacktrace information)
Command duration or timeout: 0 milliseconds
For documentation on this error, please visit: http://seleniumhq.org/exceptions/no_such_element.html
Build info: version: '3.14.0', revision: 'aacccce0', time: '2018-08-02T20:19:58.91Z'
System info: host: 'DESKTOP-R8M5NJD', ip: '192.168.101.35', os.name: 'Windows 10', os.arch: 'amd64', os.version: '10.0', java.version: '1.8.0_191'
Driver info: org.openqa.selenium.chrome.ChromeDriver
Capabilities {acceptInsecureCerts: false, acceptSslCerts: false, applicationCacheEnabled: false, browserConnectionEnabled: false, browserName: chrome, chrome: {chromedriverVersion: 2.42.591088 (7b2b2dca23cca0..., userDataDir: C:\Users\Pitoshka\AppData\L...}, cssSelectorsEnabled: true, databaseEnabled: false, goog:chromeOptions: {debuggerAddress: localhost:51547}, handlesAlerts: true, hasTouchScreen: false, javascriptEnabled: true, locationContextEnabled: true, mobileEmulationEnabled: false, nativeEvents: true, networkConnectionEnabled: false, pageLoadStrategy: normal, platform: XP, platformName: XP, rotatable: false, setWindowRect: true, takesHeapSnapshot: true, takesScreenshot: true, unexpectedAlertBehaviour: , unhandledPromptBehavior: , version: 72.0.3626.14, webStorageEnabled: true}
Session ID: 5677d1fc37026a4364930fc5c6c5dfb8
*** Element info: {Using=xpath, value=//button[contains(text(),'NO THANKS')]}
12-18-18-18-24-12 [main] INFO  resources.BaseClass - removing a subscription pop-up by clicking 'no thanks' button
12-18-18-18-24-18 [main] INFO  resources.BaseClass - WebDriver is initialized
12-18-18-18-24-30 [main] INFO  resources.BaseClass - Navigating to landing page
12-18-18-18-24-30 [main] INFO  resources.BaseClass - removing a subscription pop-up by clicking 'no thanks' button
12-18-18-18-24-31 [main] INFO  resources.BaseClass - Test case failed
12-20-18-18-33-42 [main] INFO  resources.BaseClass - removing a subscription pop-up by clicking 'no thanks' button
12-20-18-19-30-19 [main] INFO  resources.BaseClass - removing a subscription pop-up by clicking 'no thanks' button
12-20-18-19-30-41 [main] INFO  resources.BaseClass - removing a subscription pop-up by clicking 'no thanks' button
12-20-18-20-21-14 [main] INFO  resources.BaseClass - removing a subscription pop-up by clicking 'no thanks' button
12-20-18-20-21-36 [main] INFO  resources.BaseClass - removing a subscription pop-up by clicking 'no thanks' button
12-20-18-20-21-59 [main] INFO  resources.BaseClass - Test case failed
